{"/Users/danielgoldberg/Desktop/A1-Inter-LLM-Com/The-New-Fuse/packages/workflow-engine/src/sequencer/ProgressiveDisclosureSequencer.ts": {"path":"/Users/danielgoldberg/Desktop/A1-Inter-LLM-Com/The-New-Fuse/packages/workflow-engine/src/sequencer/ProgressiveDisclosureSequencer.ts","all":false,"statementMap":{"0":{"start":{"line":1,"column":0},"end":{"line":1,"column":42}},"1":{"start":{"line":2,"column":0},"end":{"line":2,"column":39}},"2":{"start":{"line":3,"column":0},"end":{"line":3,"column":46}},"3":{"start":{"line":4,"column":0},"end":{"line":4,"column":26}},"4":{"start":{"line":5,"column":0},"end":{"line":5,"column":36}},"5":{"start":{"line":6,"column":0},"end":{"line":6,"column":1}},"6":{"start":{"line":7,"column":0},"end":{"line":7,"column":0}},"7":{"start":{"line":8,"column":0},"end":{"line":8,"column":44}},"8":{"start":{"line":9,"column":0},"end":{"line":9,"column":13}},"9":{"start":{"line":10,"column":0},"end":{"line":10,"column":16}},"10":{"start":{"line":11,"column":0},"end":{"line":11,"column":17}},"11":{"start":{"line":12,"column":0},"end":{"line":12,"column":1}},"12":{"start":{"line":13,"column":0},"end":{"line":13,"column":0}},"13":{"start":{"line":14,"column":0},"end":{"line":14,"column":56}},"14":{"start":{"line":15,"column":0},"end":{"line":15,"column":27}},"15":{"start":{"line":16,"column":0},"end":{"line":16,"column":31}},"16":{"start":{"line":17,"column":0},"end":{"line":17,"column":37}},"17":{"start":{"line":18,"column":0},"end":{"line":18,"column":18}},"18":{"start":{"line":19,"column":0},"end":{"line":19,"column":38}},"19":{"start":{"line":20,"column":0},"end":{"line":20,"column":21}},"20":{"start":{"line":21,"column":0},"end":{"line":21,"column":38}},"21":{"start":{"line":22,"column":0},"end":{"line":22,"column":1}},"22":{"start":{"line":23,"column":0},"end":{"line":23,"column":0}},"23":{"start":{"line":24,"column":0},"end":{"line":24,"column":55}},"24":{"start":{"line":25,"column":0},"end":{"line":25,"column":19}},"25":{"start":{"line":26,"column":0},"end":{"line":26,"column":30}},"26":{"start":{"line":27,"column":0},"end":{"line":27,"column":41}},"27":{"start":{"line":28,"column":0},"end":{"line":28,"column":27}},"28":{"start":{"line":29,"column":0},"end":{"line":29,"column":21}},"29":{"start":{"line":30,"column":0},"end":{"line":30,"column":22}},"30":{"start":{"line":31,"column":0},"end":{"line":31,"column":28}},"31":{"start":{"line":32,"column":0},"end":{"line":32,"column":25}},"32":{"start":{"line":33,"column":0},"end":{"line":33,"column":23}},"33":{"start":{"line":34,"column":0},"end":{"line":34,"column":31}},"34":{"start":{"line":35,"column":0},"end":{"line":35,"column":1}},"35":{"start":{"line":36,"column":0},"end":{"line":36,"column":0}},"36":{"start":{"line":37,"column":0},"end":{"line":37,"column":82}},"37":{"start":{"line":38,"column":0},"end":{"line":38,"column":3}},"38":{"start":{"line":39,"column":0},"end":{"line":39,"column":17}},"39":{"start":{"line":40,"column":0},"end":{"line":40,"column":20}},"40":{"start":{"line":41,"column":0},"end":{"line":41,"column":11}},"41":{"start":{"line":42,"column":0},"end":{"line":42,"column":117}},"42":{"start":{"line":43,"column":0},"end":{"line":43,"column":4}},"43":{"start":{"line":44,"column":0},"end":{"line":44,"column":3}},"44":{"start":{"line":45,"column":0},"end":{"line":45,"column":18}},"45":{"start":{"line":46,"column":0},"end":{"line":46,"column":21}},"46":{"start":{"line":47,"column":0},"end":{"line":47,"column":11}},"47":{"start":{"line":48,"column":0},"end":{"line":48,"column":151}},"48":{"start":{"line":49,"column":0},"end":{"line":49,"column":4}},"49":{"start":{"line":50,"column":0},"end":{"line":50,"column":3}},"50":{"start":{"line":51,"column":0},"end":{"line":51,"column":14}},"51":{"start":{"line":52,"column":0},"end":{"line":52,"column":17}},"52":{"start":{"line":53,"column":0},"end":{"line":53,"column":11}},"53":{"start":{"line":54,"column":0},"end":{"line":54,"column":135}},"54":{"start":{"line":55,"column":0},"end":{"line":55,"column":4}},"55":{"start":{"line":56,"column":0},"end":{"line":56,"column":3}},"56":{"start":{"line":57,"column":0},"end":{"line":57,"column":17}},"57":{"start":{"line":58,"column":0},"end":{"line":58,"column":20}},"58":{"start":{"line":59,"column":0},"end":{"line":59,"column":11}},"59":{"start":{"line":60,"column":0},"end":{"line":60,"column":153}},"60":{"start":{"line":61,"column":0},"end":{"line":61,"column":4}},"61":{"start":{"line":62,"column":0},"end":{"line":62,"column":3}},"62":{"start":{"line":63,"column":0},"end":{"line":63,"column":18}},"63":{"start":{"line":64,"column":0},"end":{"line":64,"column":21}},"64":{"start":{"line":65,"column":0},"end":{"line":65,"column":11}},"65":{"start":{"line":66,"column":0},"end":{"line":66,"column":103}},"66":{"start":{"line":67,"column":0},"end":{"line":67,"column":4}},"67":{"start":{"line":68,"column":0},"end":{"line":68,"column":2}},"68":{"start":{"line":69,"column":0},"end":{"line":69,"column":0}},"69":{"start":{"line":70,"column":0},"end":{"line":70,"column":45}},"70":{"start":{"line":71,"column":0},"end":{"line":71,"column":51}},"71":{"start":{"line":72,"column":0},"end":{"line":72,"column":43}},"72":{"start":{"line":73,"column":0},"end":{"line":73,"column":47}},"73":{"start":{"line":74,"column":0},"end":{"line":74,"column":53}},"74":{"start":{"line":75,"column":0},"end":{"line":75,"column":34}},"75":{"start":{"line":76,"column":0},"end":{"line":76,"column":37}},"76":{"start":{"line":77,"column":0},"end":{"line":77,"column":54}},"77":{"start":{"line":78,"column":0},"end":{"line":78,"column":45}},"78":{"start":{"line":79,"column":0},"end":{"line":79,"column":0}},"79":{"start":{"line":80,"column":0},"end":{"line":80,"column":33}},"80":{"start":{"line":81,"column":0},"end":{"line":81,"column":27}},"81":{"start":{"line":82,"column":0},"end":{"line":82,"column":26}},"82":{"start":{"line":83,"column":0},"end":{"line":83,"column":37}},"83":{"start":{"line":84,"column":0},"end":{"line":84,"column":31}},"84":{"start":{"line":85,"column":0},"end":{"line":85,"column":26}},"85":{"start":{"line":86,"column":0},"end":{"line":86,"column":35}},"86":{"start":{"line":87,"column":0},"end":{"line":87,"column":49}},"87":{"start":{"line":88,"column":0},"end":{"line":88,"column":27}},"88":{"start":{"line":89,"column":0},"end":{"line":89,"column":0}},"89":{"start":{"line":90,"column":0},"end":{"line":90,"column":101}},"90":{"start":{"line":91,"column":0},"end":{"line":91,"column":25}},"91":{"start":{"line":92,"column":0},"end":{"line":92,"column":60}},"92":{"start":{"line":93,"column":0},"end":{"line":93,"column":68}},"93":{"start":{"line":94,"column":0},"end":{"line":94,"column":76}},"94":{"start":{"line":95,"column":0},"end":{"line":95,"column":52}},"95":{"start":{"line":96,"column":0},"end":{"line":96,"column":52}},"96":{"start":{"line":97,"column":0},"end":{"line":97,"column":49}},"97":{"start":{"line":98,"column":0},"end":{"line":98,"column":38}},"98":{"start":{"line":99,"column":0},"end":{"line":99,"column":37}},"99":{"start":{"line":100,"column":0},"end":{"line":100,"column":3}},"100":{"start":{"line":101,"column":0},"end":{"line":101,"column":0}},"101":{"start":{"line":102,"column":0},"end":{"line":102,"column":33}},"102":{"start":{"line":103,"column":0},"end":{"line":103,"column":37}},"103":{"start":{"line":104,"column":0},"end":{"line":104,"column":35}},"104":{"start":{"line":105,"column":0},"end":{"line":105,"column":31}},"105":{"start":{"line":106,"column":0},"end":{"line":106,"column":3}},"106":{"start":{"line":107,"column":0},"end":{"line":107,"column":0}},"107":{"start":{"line":108,"column":0},"end":{"line":108,"column":25}},"108":{"start":{"line":109,"column":0},"end":{"line":109,"column":24}},"109":{"start":{"line":110,"column":0},"end":{"line":110,"column":87}},"110":{"start":{"line":111,"column":0},"end":{"line":111,"column":3}},"111":{"start":{"line":112,"column":0},"end":{"line":112,"column":0}},"112":{"start":{"line":113,"column":0},"end":{"line":113,"column":26}},"113":{"start":{"line":114,"column":0},"end":{"line":114,"column":25}},"114":{"start":{"line":115,"column":0},"end":{"line":115,"column":88}},"115":{"start":{"line":116,"column":0},"end":{"line":116,"column":3}},"116":{"start":{"line":117,"column":0},"end":{"line":117,"column":0}},"117":{"start":{"line":118,"column":0},"end":{"line":118,"column":33}},"118":{"start":{"line":119,"column":0},"end":{"line":119,"column":36}},"119":{"start":{"line":120,"column":0},"end":{"line":120,"column":3}},"120":{"start":{"line":121,"column":0},"end":{"line":121,"column":0}},"121":{"start":{"line":122,"column":0},"end":{"line":122,"column":56}},"122":{"start":{"line":123,"column":0},"end":{"line":123,"column":46}},"123":{"start":{"line":124,"column":0},"end":{"line":124,"column":0}},"124":{"start":{"line":125,"column":0},"end":{"line":125,"column":39}},"125":{"start":{"line":126,"column":0},"end":{"line":126,"column":25}},"126":{"start":{"line":127,"column":0},"end":{"line":127,"column":35}},"127":{"start":{"line":128,"column":0},"end":{"line":128,"column":55}},"128":{"start":{"line":129,"column":0},"end":{"line":129,"column":98}},"129":{"start":{"line":130,"column":0},"end":{"line":130,"column":0}},"130":{"start":{"line":131,"column":0},"end":{"line":131,"column":9}},"131":{"start":{"line":132,"column":0},"end":{"line":132,"column":77}},"132":{"start":{"line":133,"column":0},"end":{"line":133,"column":21}},"133":{"start":{"line":134,"column":0},"end":{"line":134,"column":97}},"134":{"start":{"line":135,"column":0},"end":{"line":135,"column":21}},"135":{"start":{"line":136,"column":0},"end":{"line":136,"column":7}},"136":{"start":{"line":137,"column":0},"end":{"line":137,"column":0}},"137":{"start":{"line":138,"column":0},"end":{"line":138,"column":25}},"138":{"start":{"line":139,"column":0},"end":{"line":139,"column":39}},"139":{"start":{"line":140,"column":0},"end":{"line":140,"column":35}},"140":{"start":{"line":141,"column":0},"end":{"line":141,"column":25}},"141":{"start":{"line":142,"column":0},"end":{"line":142,"column":97}},"142":{"start":{"line":143,"column":0},"end":{"line":143,"column":18}},"143":{"start":{"line":144,"column":0},"end":{"line":144,"column":15}},"144":{"start":{"line":145,"column":0},"end":{"line":145,"column":28}},"145":{"start":{"line":146,"column":0},"end":{"line":146,"column":5}},"146":{"start":{"line":147,"column":0},"end":{"line":147,"column":3}},"147":{"start":{"line":148,"column":0},"end":{"line":148,"column":0}},"148":{"start":{"line":149,"column":0},"end":{"line":149,"column":69}},"149":{"start":{"line":150,"column":0},"end":{"line":150,"column":44}},"150":{"start":{"line":151,"column":0},"end":{"line":151,"column":30}},"151":{"start":{"line":152,"column":0},"end":{"line":152,"column":3}},"152":{"start":{"line":153,"column":0},"end":{"line":153,"column":0}},"153":{"start":{"line":154,"column":0},"end":{"line":154,"column":36}},"154":{"start":{"line":155,"column":0},"end":{"line":155,"column":36}},"155":{"start":{"line":156,"column":0},"end":{"line":156,"column":37}},"156":{"start":{"line":157,"column":0},"end":{"line":157,"column":26}},"157":{"start":{"line":158,"column":0},"end":{"line":158,"column":30}},"158":{"start":{"line":159,"column":0},"end":{"line":159,"column":25}},"159":{"start":{"line":160,"column":0},"end":{"line":160,"column":34}},"160":{"start":{"line":161,"column":0},"end":{"line":161,"column":33}},"161":{"start":{"line":162,"column":0},"end":{"line":162,"column":72}},"162":{"start":{"line":163,"column":0},"end":{"line":163,"column":3}},"163":{"start":{"line":164,"column":0},"end":{"line":164,"column":0}},"164":{"start":{"line":165,"column":0},"end":{"line":165,"column":60}},"165":{"start":{"line":166,"column":0},"end":{"line":166,"column":12}},"166":{"start":{"line":167,"column":0},"end":{"line":167,"column":28}},"167":{"start":{"line":168,"column":0},"end":{"line":168,"column":50}},"168":{"start":{"line":169,"column":0},"end":{"line":169,"column":41}},"169":{"start":{"line":170,"column":0},"end":{"line":170,"column":46}},"170":{"start":{"line":171,"column":0},"end":{"line":171,"column":36}},"171":{"start":{"line":172,"column":0},"end":{"line":172,"column":36}},"172":{"start":{"line":173,"column":0},"end":{"line":173,"column":46}},"173":{"start":{"line":174,"column":0},"end":{"line":174,"column":42}},"174":{"start":{"line":175,"column":0},"end":{"line":175,"column":38}},"175":{"start":{"line":176,"column":0},"end":{"line":176,"column":45}},"176":{"start":{"line":177,"column":0},"end":{"line":177,"column":6}},"177":{"start":{"line":178,"column":0},"end":{"line":178,"column":3}},"178":{"start":{"line":179,"column":0},"end":{"line":179,"column":0}},"179":{"start":{"line":180,"column":0},"end":{"line":180,"column":45}},"180":{"start":{"line":181,"column":0},"end":{"line":181,"column":41}},"181":{"start":{"line":182,"column":0},"end":{"line":182,"column":66}},"182":{"start":{"line":183,"column":0},"end":{"line":183,"column":49}},"183":{"start":{"line":184,"column":0},"end":{"line":184,"column":89}},"184":{"start":{"line":185,"column":0},"end":{"line":185,"column":61}},"185":{"start":{"line":186,"column":0},"end":{"line":186,"column":69}},"186":{"start":{"line":187,"column":0},"end":{"line":187,"column":0}},"187":{"start":{"line":188,"column":0},"end":{"line":188,"column":27}},"188":{"start":{"line":189,"column":0},"end":{"line":189,"column":90}},"189":{"start":{"line":190,"column":0},"end":{"line":190,"column":86}},"190":{"start":{"line":191,"column":0},"end":{"line":191,"column":39}},"191":{"start":{"line":192,"column":0},"end":{"line":192,"column":5}},"192":{"start":{"line":193,"column":0},"end":{"line":193,"column":64}},"193":{"start":{"line":194,"column":0},"end":{"line":194,"column":0}},"194":{"start":{"line":195,"column":0},"end":{"line":195,"column":16}},"195":{"start":{"line":196,"column":0},"end":{"line":196,"column":3}},"196":{"start":{"line":197,"column":0},"end":{"line":197,"column":0}},"197":{"start":{"line":198,"column":0},"end":{"line":198,"column":42}},"198":{"start":{"line":199,"column":0},"end":{"line":199,"column":44}},"199":{"start":{"line":200,"column":0},"end":{"line":200,"column":39}},"200":{"start":{"line":201,"column":0},"end":{"line":201,"column":36}},"201":{"start":{"line":202,"column":0},"end":{"line":202,"column":18}},"202":{"start":{"line":203,"column":0},"end":{"line":203,"column":5}},"203":{"start":{"line":204,"column":0},"end":{"line":204,"column":0}},"204":{"start":{"line":205,"column":0},"end":{"line":205,"column":54}},"205":{"start":{"line":206,"column":0},"end":{"line":206,"column":69}},"206":{"start":{"line":207,"column":0},"end":{"line":207,"column":36}},"207":{"start":{"line":208,"column":0},"end":{"line":208,"column":45}},"208":{"start":{"line":209,"column":0},"end":{"line":209,"column":18}},"209":{"start":{"line":210,"column":0},"end":{"line":210,"column":5}},"210":{"start":{"line":211,"column":0},"end":{"line":211,"column":0}},"211":{"start":{"line":212,"column":0},"end":{"line":212,"column":17}},"212":{"start":{"line":213,"column":0},"end":{"line":213,"column":3}},"213":{"start":{"line":214,"column":0},"end":{"line":214,"column":0}},"214":{"start":{"line":215,"column":0},"end":{"line":215,"column":65}},"215":{"start":{"line":216,"column":0},"end":{"line":216,"column":71}},"216":{"start":{"line":217,"column":0},"end":{"line":217,"column":3}},"217":{"start":{"line":218,"column":0},"end":{"line":218,"column":0}},"218":{"start":{"line":219,"column":0},"end":{"line":219,"column":55}},"219":{"start":{"line":220,"column":0},"end":{"line":220,"column":62}},"220":{"start":{"line":221,"column":0},"end":{"line":221,"column":3}},"221":{"start":{"line":222,"column":0},"end":{"line":222,"column":0}},"222":{"start":{"line":223,"column":0},"end":{"line":223,"column":31}},"223":{"start":{"line":224,"column":0},"end":{"line":224,"column":76}},"224":{"start":{"line":225,"column":0},"end":{"line":225,"column":3}},"225":{"start":{"line":226,"column":0},"end":{"line":226,"column":0}},"226":{"start":{"line":227,"column":0},"end":{"line":227,"column":48}},"227":{"start":{"line":228,"column":0},"end":{"line":228,"column":53}},"228":{"start":{"line":229,"column":0},"end":{"line":229,"column":88}},"229":{"start":{"line":230,"column":0},"end":{"line":230,"column":3}},"230":{"start":{"line":231,"column":0},"end":{"line":231,"column":0}},"231":{"start":{"line":232,"column":0},"end":{"line":232,"column":92}},"232":{"start":{"line":233,"column":0},"end":{"line":233,"column":85}},"233":{"start":{"line":234,"column":0},"end":{"line":234,"column":23}},"234":{"start":{"line":235,"column":0},"end":{"line":235,"column":41}},"235":{"start":{"line":236,"column":0},"end":{"line":236,"column":47}},"236":{"start":{"line":237,"column":0},"end":{"line":237,"column":49}},"237":{"start":{"line":238,"column":0},"end":{"line":238,"column":9}},"238":{"start":{"line":239,"column":0},"end":{"line":239,"column":62}},"239":{"start":{"line":240,"column":0},"end":{"line":240,"column":0}},"240":{"start":{"line":241,"column":0},"end":{"line":241,"column":34}},"241":{"start":{"line":242,"column":0},"end":{"line":242,"column":99}},"242":{"start":{"line":243,"column":0},"end":{"line":243,"column":5}},"243":{"start":{"line":244,"column":0},"end":{"line":244,"column":0}},"244":{"start":{"line":245,"column":0},"end":{"line":245,"column":22}},"245":{"start":{"line":246,"column":0},"end":{"line":246,"column":3}},"246":{"start":{"line":247,"column":0},"end":{"line":247,"column":1}},"247":{"start":{"line":248,"column":0},"end":{"line":248,"column":0}},"248":{"start":{"line":249,"column":0},"end":{"line":249,"column":62}},"249":{"start":{"line":250,"column":0},"end":{"line":250,"column":83}},"250":{"start":{"line":251,"column":0},"end":{"line":251,"column":81}},"251":{"start":{"line":252,"column":0},"end":{"line":252,"column":85}},"252":{"start":{"line":253,"column":0},"end":{"line":253,"column":78}}},"s":{"0":1,"1":1,"2":1,"3":1,"4":1,"5":1,"6":1,"7":1,"8":1,"9":1,"10":1,"11":1,"12":1,"13":1,"14":1,"15":1,"16":1,"17":1,"18":1,"19":1,"20":1,"21":1,"22":1,"23":1,"24":1,"25":1,"26":1,"27":1,"28":1,"29":1,"30":1,"31":1,"32":1,"33":1,"34":1,"35":1,"36":1,"37":1,"38":1,"39":1,"40":1,"41":1,"42":1,"43":1,"44":1,"45":1,"46":1,"47":1,"48":1,"49":1,"50":1,"51":1,"52":1,"53":1,"54":1,"55":1,"56":1,"57":1,"58":1,"59":1,"60":1,"61":1,"62":1,"63":1,"64":1,"65":1,"66":1,"67":1,"68":1,"69":1,"70":1,"71":1,"72":1,"73":1,"74":1,"75":1,"76":1,"77":1,"78":1,"79":1,"80":1,"81":1,"82":1,"83":1,"84":1,"85":1,"86":1,"87":1,"88":1,"89":1,"90":5,"91":5,"92":5,"93":5,"94":5,"95":5,"96":5,"97":5,"98":5,"99":5,"100":1,"101":1,"102":4,"103":4,"104":4,"105":4,"106":1,"107":1,"108":5,"109":5,"110":5,"111":1,"112":1,"113":0,"114":0,"115":0,"116":1,"117":1,"118":0,"119":0,"120":1,"121":1,"122":12,"123":7,"124":7,"125":7,"126":7,"127":7,"128":7,"129":7,"130":7,"131":7,"132":12,"133":1,"134":1,"135":1,"136":6,"137":6,"138":6,"139":6,"140":6,"141":6,"142":6,"143":6,"144":7,"145":7,"146":12,"147":1,"148":1,"149":2,"150":2,"151":2,"152":1,"153":1,"154":0,"155":0,"156":0,"157":0,"158":0,"159":0,"160":0,"161":0,"162":0,"163":1,"164":1,"165":6,"166":6,"167":6,"168":6,"169":6,"170":6,"171":6,"172":6,"173":6,"174":6,"175":6,"176":6,"177":6,"178":1,"179":1,"180":18,"181":18,"182":18,"183":18,"184":18,"185":18,"186":11,"187":11,"188":18,"189":18,"190":1,"191":1,"192":18,"193":7,"194":7,"195":7,"196":1,"197":1,"198":13,"199":13,"200":0,"201":0,"202":0,"203":5,"204":5,"205":13,"206":3,"207":3,"208":3,"209":3,"210":2,"211":2,"212":2,"213":1,"214":1,"215":7,"216":7,"217":1,"218":1,"219":13,"220":13,"221":1,"222":1,"223":6,"224":6,"225":1,"226":1,"227":12,"228":12,"229":12,"230":1,"231":1,"232":7,"233":7,"234":27,"235":27,"236":27,"237":7,"238":7,"239":7,"240":7,"241":1,"242":1,"243":6,"244":6,"245":6,"246":1,"247":1,"248":1,"249":1,"250":1,"251":1,"252":1},"branchMap":{"0":{"type":"branch","line":90,"loc":{"start":{"line":90,"column":2},"end":{"line":100,"column":3}},"locations":[{"start":{"line":90,"column":2},"end":{"line":100,"column":3}}]},"1":{"type":"branch","line":92,"loc":{"start":{"line":92,"column":50},"end":{"line":92,"column":59}},"locations":[{"start":{"line":92,"column":50},"end":{"line":92,"column":59}}]},"2":{"type":"branch","line":93,"loc":{"start":{"line":93,"column":58},"end":{"line":93,"column":67}},"locations":[{"start":{"line":93,"column":58},"end":{"line":93,"column":67}}]},"3":{"type":"branch","line":94,"loc":{"start":{"line":94,"column":70},"end":{"line":94,"column":75}},"locations":[{"start":{"line":94,"column":70},"end":{"line":94,"column":75}}]},"4":{"type":"branch","line":97,"loc":{"start":{"line":97,"column":26},"end":{"line":97,"column":48}},"locations":[{"start":{"line":97,"column":26},"end":{"line":97,"column":48}}]},"5":{"type":"branch","line":98,"loc":{"start":{"line":98,"column":26},"end":{"line":98,"column":37}},"locations":[{"start":{"line":98,"column":26},"end":{"line":98,"column":37}}]},"6":{"type":"branch","line":102,"loc":{"start":{"line":102,"column":9},"end":{"line":106,"column":3}},"locations":[{"start":{"line":102,"column":9},"end":{"line":106,"column":3}}]},"7":{"type":"branch","line":108,"loc":{"start":{"line":108,"column":9},"end":{"line":111,"column":3}},"locations":[{"start":{"line":108,"column":9},"end":{"line":111,"column":3}}]},"8":{"type":"branch","line":122,"loc":{"start":{"line":122,"column":9},"end":{"line":147,"column":3}},"locations":[{"start":{"line":122,"column":9},"end":{"line":147,"column":3}}]},"9":{"type":"branch","line":123,"loc":{"start":{"line":123,"column":33},"end":{"line":123,"column":46}},"locations":[{"start":{"line":123,"column":33},"end":{"line":123,"column":46}}]},"10":{"type":"branch","line":124,"loc":{"start":{"line":124,"column":-1},"end":{"line":133,"column":20}},"locations":[{"start":{"line":124,"column":-1},"end":{"line":133,"column":20}}]},"11":{"type":"branch","line":133,"loc":{"start":{"line":133,"column":20},"end":{"line":136,"column":7}},"locations":[{"start":{"line":133,"column":20},"end":{"line":136,"column":7}}]},"12":{"type":"branch","line":137,"loc":{"start":{"line":137,"column":-1},"end":{"line":144,"column":15}},"locations":[{"start":{"line":137,"column":-1},"end":{"line":144,"column":15}}]},"13":{"type":"branch","line":144,"loc":{"start":{"line":144,"column":14},"end":{"line":146,"column":5}},"locations":[{"start":{"line":144,"column":14},"end":{"line":146,"column":5}}]},"14":{"type":"branch","line":149,"loc":{"start":{"line":149,"column":9},"end":{"line":152,"column":3}},"locations":[{"start":{"line":149,"column":9},"end":{"line":152,"column":3}}]},"15":{"type":"branch","line":165,"loc":{"start":{"line":165,"column":9},"end":{"line":178,"column":3}},"locations":[{"start":{"line":165,"column":9},"end":{"line":178,"column":3}}]},"16":{"type":"branch","line":180,"loc":{"start":{"line":180,"column":10},"end":{"line":196,"column":3}},"locations":[{"start":{"line":180,"column":10},"end":{"line":196,"column":3}}]},"17":{"type":"branch","line":181,"loc":{"start":{"line":181,"column":23},"end":{"line":181,"column":41}},"locations":[{"start":{"line":181,"column":23},"end":{"line":181,"column":41}}]},"18":{"type":"branch","line":182,"loc":{"start":{"line":182,"column":-1},"end":{"line":182,"column":41}},"locations":[{"start":{"line":182,"column":-1},"end":{"line":182,"column":41}}]},"19":{"type":"branch","line":182,"loc":{"start":{"line":182,"column":34},"end":{"line":182,"column":66}},"locations":[{"start":{"line":182,"column":34},"end":{"line":182,"column":66}}]},"20":{"type":"branch","line":183,"loc":{"start":{"line":183,"column":-1},"end":{"line":183,"column":30}},"locations":[{"start":{"line":183,"column":-1},"end":{"line":183,"column":30}}]},"21":{"type":"branch","line":183,"loc":{"start":{"line":183,"column":23},"end":{"line":183,"column":49}},"locations":[{"start":{"line":183,"column":23},"end":{"line":183,"column":49}}]},"22":{"type":"branch","line":184,"loc":{"start":{"line":184,"column":-1},"end":{"line":184,"column":67}},"locations":[{"start":{"line":184,"column":-1},"end":{"line":184,"column":67}}]},"23":{"type":"branch","line":184,"loc":{"start":{"line":184,"column":60},"end":{"line":184,"column":89}},"locations":[{"start":{"line":184,"column":60},"end":{"line":184,"column":89}}]},"24":{"type":"branch","line":185,"loc":{"start":{"line":185,"column":-1},"end":{"line":185,"column":35}},"locations":[{"start":{"line":185,"column":-1},"end":{"line":185,"column":35}}]},"25":{"type":"branch","line":185,"loc":{"start":{"line":185,"column":37},"end":{"line":185,"column":61}},"locations":[{"start":{"line":185,"column":37},"end":{"line":185,"column":61}}]},"26":{"type":"branch","line":186,"loc":{"start":{"line":186,"column":-1},"end":{"line":186,"column":52}},"locations":[{"start":{"line":186,"column":-1},"end":{"line":186,"column":52}}]},"27":{"type":"branch","line":186,"loc":{"start":{"line":186,"column":45},"end":{"line":186,"column":69}},"locations":[{"start":{"line":186,"column":45},"end":{"line":186,"column":69}}]},"28":{"type":"branch","line":187,"loc":{"start":{"line":187,"column":-1},"end":{"line":189,"column":65}},"locations":[{"start":{"line":187,"column":-1},"end":{"line":189,"column":65}}]},"29":{"type":"branch","line":189,"loc":{"start":{"line":189,"column":58},"end":{"line":189,"column":90}},"locations":[{"start":{"line":189,"column":58},"end":{"line":189,"column":90}}]},"30":{"type":"branch","line":190,"loc":{"start":{"line":190,"column":-1},"end":{"line":190,"column":33}},"locations":[{"start":{"line":190,"column":-1},"end":{"line":190,"column":33}}]},"31":{"type":"branch","line":190,"loc":{"start":{"line":190,"column":29},"end":{"line":190,"column":83}},"locations":[{"start":{"line":190,"column":29},"end":{"line":190,"column":83}}]},"32":{"type":"branch","line":190,"loc":{"start":{"line":190,"column":85},"end":{"line":192,"column":5}},"locations":[{"start":{"line":190,"column":85},"end":{"line":192,"column":5}}]},"33":{"type":"branch","line":193,"loc":{"start":{"line":193,"column":-1},"end":{"line":193,"column":44}},"locations":[{"start":{"line":193,"column":-1},"end":{"line":193,"column":44}}]},"34":{"type":"branch","line":193,"loc":{"start":{"line":193,"column":37},"end":{"line":193,"column":64}},"locations":[{"start":{"line":193,"column":37},"end":{"line":193,"column":64}}]},"35":{"type":"branch","line":194,"loc":{"start":{"line":194,"column":-1},"end":{"line":196,"column":3}},"locations":[{"start":{"line":194,"column":-1},"end":{"line":196,"column":3}}]},"36":{"type":"branch","line":198,"loc":{"start":{"line":198,"column":10},"end":{"line":213,"column":3}},"locations":[{"start":{"line":198,"column":10},"end":{"line":213,"column":3}}]},"37":{"type":"branch","line":199,"loc":{"start":{"line":199,"column":32},"end":{"line":199,"column":44}},"locations":[{"start":{"line":199,"column":32},"end":{"line":199,"column":44}}]},"38":{"type":"branch","line":200,"loc":{"start":{"line":200,"column":-1},"end":{"line":200,"column":38}},"locations":[{"start":{"line":200,"column":-1},"end":{"line":200,"column":38}}]},"39":{"type":"branch","line":200,"loc":{"start":{"line":200,"column":38},"end":{"line":203,"column":5}},"locations":[{"start":{"line":200,"column":38},"end":{"line":203,"column":5}}]},"40":{"type":"branch","line":204,"loc":{"start":{"line":204,"column":-1},"end":{"line":206,"column":26}},"locations":[{"start":{"line":204,"column":-1},"end":{"line":206,"column":26}}]},"41":{"type":"branch","line":206,"loc":{"start":{"line":206,"column":22},"end":{"line":206,"column":66}},"locations":[{"start":{"line":206,"column":22},"end":{"line":206,"column":66}}]},"42":{"type":"branch","line":206,"loc":{"start":{"line":206,"column":68},"end":{"line":210,"column":5}},"locations":[{"start":{"line":206,"column":68},"end":{"line":210,"column":5}}]},"43":{"type":"branch","line":211,"loc":{"start":{"line":211,"column":-1},"end":{"line":213,"column":3}},"locations":[{"start":{"line":211,"column":-1},"end":{"line":213,"column":3}}]},"44":{"type":"branch","line":215,"loc":{"start":{"line":215,"column":10},"end":{"line":217,"column":3}},"locations":[{"start":{"line":215,"column":10},"end":{"line":217,"column":3}}]},"45":{"type":"branch","line":219,"loc":{"start":{"line":219,"column":10},"end":{"line":221,"column":3}},"locations":[{"start":{"line":219,"column":10},"end":{"line":221,"column":3}}]},"46":{"type":"branch","line":220,"loc":{"start":{"line":220,"column":44},"end":{"line":220,"column":61}},"locations":[{"start":{"line":220,"column":44},"end":{"line":220,"column":61}}]},"47":{"type":"branch","line":223,"loc":{"start":{"line":223,"column":10},"end":{"line":225,"column":3}},"locations":[{"start":{"line":223,"column":10},"end":{"line":225,"column":3}}]},"48":{"type":"branch","line":227,"loc":{"start":{"line":227,"column":10},"end":{"line":230,"column":3}},"locations":[{"start":{"line":227,"column":10},"end":{"line":230,"column":3}}]},"49":{"type":"branch","line":229,"loc":{"start":{"line":229,"column":39},"end":{"line":229,"column":69}},"locations":[{"start":{"line":229,"column":39},"end":{"line":229,"column":69}}]},"50":{"type":"branch","line":229,"loc":{"start":{"line":229,"column":70},"end":{"line":229,"column":80}},"locations":[{"start":{"line":229,"column":70},"end":{"line":229,"column":80}}]},"51":{"type":"branch","line":229,"loc":{"start":{"line":229,"column":81},"end":{"line":229,"column":87}},"locations":[{"start":{"line":229,"column":81},"end":{"line":229,"column":87}}]},"52":{"type":"branch","line":232,"loc":{"start":{"line":232,"column":10},"end":{"line":246,"column":3}},"locations":[{"start":{"line":232,"column":10},"end":{"line":246,"column":3}}]},"53":{"type":"branch","line":233,"loc":{"start":{"line":233,"column":29},"end":{"line":233,"column":37}},"locations":[{"start":{"line":233,"column":29},"end":{"line":233,"column":37}}]},"54":{"type":"branch","line":233,"loc":{"start":{"line":233,"column":38},"end":{"line":233,"column":45}},"locations":[{"start":{"line":233,"column":38},"end":{"line":233,"column":45}}]},"55":{"type":"branch","line":233,"loc":{"start":{"line":233,"column":46},"end":{"line":233,"column":84}},"locations":[{"start":{"line":233,"column":46},"end":{"line":233,"column":84}}]},"56":{"type":"branch","line":241,"loc":{"start":{"line":241,"column":33},"end":{"line":243,"column":5}},"locations":[{"start":{"line":241,"column":33},"end":{"line":243,"column":5}}]},"57":{"type":"branch","line":244,"loc":{"start":{"line":244,"column":-1},"end":{"line":246,"column":3}},"locations":[{"start":{"line":244,"column":-1},"end":{"line":246,"column":3}}]},"58":{"type":"branch","line":234,"loc":{"start":{"line":234,"column":11},"end":{"line":238,"column":8}},"locations":[{"start":{"line":234,"column":11},"end":{"line":238,"column":8}}]},"59":{"type":"branch","line":235,"loc":{"start":{"line":235,"column":26},"end":{"line":235,"column":32}},"locations":[{"start":{"line":235,"column":26},"end":{"line":235,"column":32}}]},"60":{"type":"branch","line":236,"loc":{"start":{"line":236,"column":32},"end":{"line":236,"column":38}},"locations":[{"start":{"line":236,"column":32},"end":{"line":236,"column":38}}]},"61":{"type":"branch","line":237,"loc":{"start":{"line":237,"column":34},"end":{"line":237,"column":40}},"locations":[{"start":{"line":237,"column":34},"end":{"line":237,"column":40}}]},"62":{"type":"branch","line":239,"loc":{"start":{"line":239,"column":14},"end":{"line":239,"column":60}},"locations":[{"start":{"line":239,"column":14},"end":{"line":239,"column":60}}]},"63":{"type":"branch","line":239,"loc":{"start":{"line":239,"column":31},"end":{"line":239,"column":45}},"locations":[{"start":{"line":239,"column":31},"end":{"line":239,"column":45}}]},"64":{"type":"branch","line":239,"loc":{"start":{"line":239,"column":45},"end":{"line":239,"column":60}},"locations":[{"start":{"line":239,"column":45},"end":{"line":239,"column":60}}]}},"b":{"0":[5],"1":[0],"2":[0],"3":[0],"4":[0],"5":[0],"6":[4],"7":[5],"8":[12],"9":[5],"10":[7],"11":[1],"12":[6],"13":[7],"14":[2],"15":[6],"16":[18],"17":[1],"18":[17],"19":[2],"20":[15],"21":[0],"22":[15],"23":[2],"24":[13],"25":[2],"26":[11],"27":[0],"28":[11],"29":[1],"30":[10],"31":[6],"32":[1],"33":[9],"34":[2],"35":[7],"36":[13],"37":[8],"38":[5],"39":[0],"40":[5],"41":[3],"42":[3],"43":[2],"44":[7],"45":[13],"46":[0],"47":[6],"48":[12],"49":[7],"50":[7],"51":[5],"52":[7],"53":[2],"54":[2],"55":[5],"56":[1],"57":[6],"58":[27],"59":[1],"60":[1],"61":[1],"62":[27],"63":[26],"64":[26]},"fnMap":{"0":{"name":"ProgressiveDisclosureSequencer","decl":{"start":{"line":90,"column":2},"end":{"line":100,"column":3}},"loc":{"start":{"line":90,"column":2},"end":{"line":100,"column":3}},"line":90},"1":{"name":"ProgressiveDisclosureSequencer.now","decl":{"start":{"line":97,"column":31},"end":{"line":97,"column":47}},"loc":{"start":{"line":97,"column":31},"end":{"line":97,"column":47}},"line":97},"2":{"name":"updateActivity","decl":{"start":{"line":102,"column":9},"end":{"line":106,"column":3}},"loc":{"start":{"line":102,"column":9},"end":{"line":106,"column":3}},"line":102},"3":{"name":"enable","decl":{"start":{"line":108,"column":9},"end":{"line":111,"column":3}},"loc":{"start":{"line":108,"column":9},"end":{"line":111,"column":3}},"line":108},"4":{"name":"disable","decl":{"start":{"line":113,"column":9},"end":{"line":116,"column":3}},"loc":{"start":{"line":113,"column":9},"end":{"line":116,"column":3}},"line":113},"5":{"name":"checkAndPrompt","decl":{"start":{"line":118,"column":9},"end":{"line":120,"column":3}},"loc":{"start":{"line":118,"column":9},"end":{"line":120,"column":3}},"line":118},"6":{"name":"checkAndPromptAsync","decl":{"start":{"line":122,"column":9},"end":{"line":147,"column":3}},"loc":{"start":{"line":122,"column":9},"end":{"line":147,"column":3}},"line":122},"7":{"name":"setWorkflowSteps","decl":{"start":{"line":149,"column":9},"end":{"line":152,"column":3}},"loc":{"start":{"line":149,"column":9},"end":{"line":152,"column":3}},"line":149},"8":{"name":"resetConversation","decl":{"start":{"line":154,"column":9},"end":{"line":163,"column":3}},"loc":{"start":{"line":154,"column":9},"end":{"line":163,"column":3}},"line":154},"9":{"name":"getStatus","decl":{"start":{"line":165,"column":9},"end":{"line":178,"column":3}},"loc":{"start":{"line":165,"column":9},"end":{"line":178,"column":3}},"line":165},"10":{"name":"getBlockedReason","decl":{"start":{"line":180,"column":10},"end":{"line":196,"column":3}},"loc":{"start":{"line":180,"column":10},"end":{"line":196,"column":3}},"line":180},"11":{"name":"refreshResponseGate","decl":{"start":{"line":198,"column":10},"end":{"line":213,"column":3}},"loc":{"start":{"line":198,"column":10},"end":{"line":213,"column":3}},"line":198},"12":{"name":"formatPrompt","decl":{"start":{"line":215,"column":10},"end":{"line":217,"column":3}},"loc":{"start":{"line":215,"column":10},"end":{"line":217,"column":3}},"line":215},"13":{"name":"getCurrentStep","decl":{"start":{"line":219,"column":10},"end":{"line":221,"column":3}},"loc":{"start":{"line":219,"column":10},"end":{"line":221,"column":3}},"line":219},"14":{"name":"advanceStep","decl":{"start":{"line":223,"column":10},"end":{"line":225,"column":3}},"loc":{"start":{"line":223,"column":10},"end":{"line":225,"column":3}},"line":223},"15":{"name":"getResponseSnapshot","decl":{"start":{"line":227,"column":10},"end":{"line":230,"column":3}},"loc":{"start":{"line":227,"column":10},"end":{"line":230,"column":3}},"line":227},"16":{"name":"normalizeSteps","decl":{"start":{"line":232,"column":10},"end":{"line":246,"column":3}},"loc":{"start":{"line":232,"column":10},"end":{"line":246,"column":3}},"line":232}},"f":{"0":5,"1":0,"2":4,"3":5,"4":0,"5":0,"6":12,"7":2,"8":0,"9":6,"10":18,"11":13,"12":7,"13":13,"14":6,"15":12,"16":7}}
}
