TN:
SF:src/sequencer/ProgressiveDisclosureSequencer.ts
FN:90,ProgressiveDisclosureSequencer
FN:97,ProgressiveDisclosureSequencer.now
FN:102,updateActivity
FN:108,enable
FN:113,disable
FN:118,checkAndPrompt
FN:122,checkAndPromptAsync
FN:149,setWorkflowSteps
FN:154,resetConversation
FN:165,getStatus
FN:180,getBlockedReason
FN:198,refreshResponseGate
FN:215,formatPrompt
FN:219,getCurrentStep
FN:223,advanceStep
FN:227,getResponseSnapshot
FN:232,normalizeSteps
FNF:17
FNH:13
FNDA:5,ProgressiveDisclosureSequencer
FNDA:0,ProgressiveDisclosureSequencer.now
FNDA:4,updateActivity
FNDA:5,enable
FNDA:0,disable
FNDA:0,checkAndPrompt
FNDA:12,checkAndPromptAsync
FNDA:2,setWorkflowSteps
FNDA:0,resetConversation
FNDA:6,getStatus
FNDA:18,getBlockedReason
FNDA:13,refreshResponseGate
FNDA:7,formatPrompt
FNDA:13,getCurrentStep
FNDA:6,advanceStep
FNDA:12,getResponseSnapshot
FNDA:7,normalizeSteps
DA:1,1
DA:2,1
DA:3,1
DA:4,1
DA:5,1
DA:6,1
DA:7,1
DA:8,1
DA:9,1
DA:10,1
DA:11,1
DA:12,1
DA:13,1
DA:14,1
DA:15,1
DA:16,1
DA:17,1
DA:18,1
DA:19,1
DA:20,1
DA:21,1
DA:22,1
DA:23,1
DA:24,1
DA:25,1
DA:26,1
DA:27,1
DA:28,1
DA:29,1
DA:30,1
DA:31,1
DA:32,1
DA:33,1
DA:34,1
DA:35,1
DA:36,1
DA:37,1
DA:38,1
DA:39,1
DA:40,1
DA:41,1
DA:42,1
DA:43,1
DA:44,1
DA:45,1
DA:46,1
DA:47,1
DA:48,1
DA:49,1
DA:50,1
DA:51,1
DA:52,1
DA:53,1
DA:54,1
DA:55,1
DA:56,1
DA:57,1
DA:58,1
DA:59,1
DA:60,1
DA:61,1
DA:62,1
DA:63,1
DA:64,1
DA:65,1
DA:66,1
DA:67,1
DA:68,1
DA:69,1
DA:70,1
DA:71,1
DA:72,1
DA:73,1
DA:74,1
DA:75,1
DA:76,1
DA:77,1
DA:78,1
DA:79,1
DA:80,1
DA:81,1
DA:82,1
DA:83,1
DA:84,1
DA:85,1
DA:86,1
DA:87,1
DA:88,1
DA:89,1
DA:90,1
DA:91,5
DA:92,5
DA:93,5
DA:94,5
DA:95,5
DA:96,5
DA:97,5
DA:98,5
DA:99,5
DA:100,5
DA:101,1
DA:102,1
DA:103,4
DA:104,4
DA:105,4
DA:106,4
DA:107,1
DA:108,1
DA:109,5
DA:110,5
DA:111,5
DA:112,1
DA:113,1
DA:114,0
DA:115,0
DA:116,0
DA:117,1
DA:118,1
DA:119,0
DA:120,0
DA:121,1
DA:122,1
DA:123,12
DA:124,7
DA:125,7
DA:126,7
DA:127,7
DA:128,7
DA:129,7
DA:130,7
DA:131,7
DA:132,7
DA:133,12
DA:134,1
DA:135,1
DA:136,1
DA:137,6
DA:138,6
DA:139,6
DA:140,6
DA:141,6
DA:142,6
DA:143,6
DA:144,6
DA:145,7
DA:146,7
DA:147,12
DA:148,1
DA:149,1
DA:150,2
DA:151,2
DA:152,2
DA:153,1
DA:154,1
DA:155,0
DA:156,0
DA:157,0
DA:158,0
DA:159,0
DA:160,0
DA:161,0
DA:162,0
DA:163,0
DA:164,1
DA:165,1
DA:166,6
DA:167,6
DA:168,6
DA:169,6
DA:170,6
DA:171,6
DA:172,6
DA:173,6
DA:174,6
DA:175,6
DA:176,6
DA:177,6
DA:178,6
DA:179,1
DA:180,1
DA:181,18
DA:182,18
DA:183,18
DA:184,18
DA:185,18
DA:186,18
DA:187,11
DA:188,11
DA:189,18
DA:190,18
DA:191,1
DA:192,1
DA:193,18
DA:194,7
DA:195,7
DA:196,7
DA:197,1
DA:198,1
DA:199,13
DA:200,13
DA:201,0
DA:202,0
DA:203,0
DA:204,5
DA:205,5
DA:206,13
DA:207,3
DA:208,3
DA:209,3
DA:210,3
DA:211,2
DA:212,2
DA:213,2
DA:214,1
DA:215,1
DA:216,7
DA:217,7
DA:218,1
DA:219,1
DA:220,13
DA:221,13
DA:222,1
DA:223,1
DA:224,6
DA:225,6
DA:226,1
DA:227,1
DA:228,12
DA:229,12
DA:230,12
DA:231,1
DA:232,1
DA:233,7
DA:234,7
DA:235,27
DA:236,27
DA:237,27
DA:238,7
DA:239,7
DA:240,7
DA:241,7
DA:242,1
DA:243,1
DA:244,6
DA:245,6
DA:246,6
DA:247,1
DA:248,1
DA:249,1
DA:250,1
DA:251,1
DA:252,1
DA:253,1
LF:253
LH:236
BRDA:90,0,0,5
BRDA:92,1,0,0
BRDA:93,2,0,0
BRDA:94,3,0,0
BRDA:97,4,0,0
BRDA:98,5,0,0
BRDA:102,6,0,4
BRDA:108,7,0,5
BRDA:122,8,0,12
BRDA:123,9,0,5
BRDA:124,10,0,7
BRDA:133,11,0,1
BRDA:137,12,0,6
BRDA:144,13,0,7
BRDA:149,14,0,2
BRDA:165,15,0,6
BRDA:180,16,0,18
BRDA:181,17,0,1
BRDA:182,18,0,17
BRDA:182,19,0,2
BRDA:183,20,0,15
BRDA:183,21,0,0
BRDA:184,22,0,15
BRDA:184,23,0,2
BRDA:185,24,0,13
BRDA:185,25,0,2
BRDA:186,26,0,11
BRDA:186,27,0,0
BRDA:187,28,0,11
BRDA:189,29,0,1
BRDA:190,30,0,10
BRDA:190,31,0,6
BRDA:190,32,0,1
BRDA:193,33,0,9
BRDA:193,34,0,2
BRDA:194,35,0,7
BRDA:198,36,0,13
BRDA:199,37,0,8
BRDA:200,38,0,5
BRDA:200,39,0,0
BRDA:204,40,0,5
BRDA:206,41,0,3
BRDA:206,42,0,3
BRDA:211,43,0,2
BRDA:215,44,0,7
BRDA:219,45,0,13
BRDA:220,46,0,0
BRDA:223,47,0,6
BRDA:227,48,0,12
BRDA:229,49,0,7
BRDA:229,50,0,7
BRDA:229,51,0,5
BRDA:232,52,0,7
BRDA:233,53,0,2
BRDA:233,54,0,2
BRDA:233,55,0,5
BRDA:241,56,0,1
BRDA:244,57,0,6
BRDA:234,58,0,27
BRDA:235,59,0,1
BRDA:236,60,0,1
BRDA:237,61,0,1
BRDA:239,62,0,27
BRDA:239,63,0,26
BRDA:239,64,0,26
BRF:65
BRH:56
end_of_record
